[debug] [2023-06-11T15:24:38.935Z] ----------------------------------------------------------------------
[debug] [2023-06-11T15:24:38.937Z] Command:       C:\Program Files\nodejs\node.exe C:\Users\Abhijith\AppData\Roaming\npm\node_modules\firebase-tools\lib\bin\firebase.js init
[debug] [2023-06-11T15:24:38.937Z] CLI Version:   12.3.1
[debug] [2023-06-11T15:24:38.937Z] Platform:      win32
[debug] [2023-06-11T15:24:38.938Z] Node Version:  v18.12.1
[debug] [2023-06-11T15:24:38.938Z] Time:          Sun Jun 11 2023 20:54:38 GMT+0530 (India Standard Time)
[debug] [2023-06-11T15:24:38.939Z] ----------------------------------------------------------------------
[debug] 
[debug] [2023-06-11T15:24:39.006Z] > command requires scopes: ["email","openid","https://www.googleapis.com/auth/cloudplatformprojects.readonly","https://www.googleapis.com/auth/firebase","https://www.googleapis.com/auth/cloud-platform"]
[debug] [2023-06-11T15:24:39.006Z] > authorizing via signed-in user (abhijithajith2021@gmail.com)
[info] 
     ######## #### ########  ######## ########     ###     ######  ########
     ##        ##  ##     ## ##       ##     ##  ##   ##  ##       ##
     ######    ##  ########  ######   ########  #########  ######  ######
     ##        ##  ##    ##  ##       ##     ## ##     ##       ## ##
     ##       #### ##     ## ######## ########  ##     ##  ######  ########

You're about to initialize a Firebase project in this directory:

  C:\Users\Abhijith\OneDrive\Desktop\idachatp

Before we get started, keep in mind:

  * You are initializing within an existing Firebase project directory

[info] 
=== Project Setup
[info] 
[info] First, let's associate this project directory with a Firebase project.
[info] You can create multiple project aliases by running firebase use --add, 
[info] but for now we'll just set up a default project.
[info] 
[debug] [2023-06-11T15:25:13.045Z] Using project from CLI flag: idabackend
[debug] [2023-06-11T15:25:13.050Z] >>> [apiv2][query] GET https://firebase.googleapis.com/v1beta1/projects/idabackend [none]
[debug] [2023-06-11T15:25:13.092Z] Failed to make request to https://firebase.googleapis.com/v1beta1/projects/idabackend
[debug] [2023-06-11T15:25:13.097Z] FirebaseError: Failed to make request to https://firebase.googleapis.com/v1beta1/projects/idabackend
    at RetryOperation._fn (C:\Users\Abhijith\AppData\Roaming\npm\node_modules\firebase-tools\lib\apiv2.js:242:31)
    at process.processTicksAndRejections (node:internal/process/task_queues:95:5)
[error] 
[error] Error: Failed to get Firebase project idabackend. Please make sure the project exists and your account has permission to access it.
[debug] [2023-06-11T15:25:49.205Z] ----------------------------------------------------------------------
[debug] [2023-06-11T15:25:49.207Z] Command:       C:\Program Files\nodejs\node.exe C:\Users\Abhijith\AppData\Roaming\npm\node_modules\firebase-tools\lib\bin\firebase.js deploy --only functions
[debug] [2023-06-11T15:25:49.208Z] CLI Version:   12.3.1
[debug] [2023-06-11T15:25:49.208Z] Platform:      win32
[debug] [2023-06-11T15:25:49.208Z] Node Version:  v18.12.1
[debug] [2023-06-11T15:25:49.209Z] Time:          Sun Jun 11 2023 20:55:49 GMT+0530 (India Standard Time)
[debug] [2023-06-11T15:25:49.209Z] ----------------------------------------------------------------------
[debug] 
[debug] [2023-06-11T15:25:49.275Z] > command requires scopes: ["email","openid","https://www.googleapis.com/auth/cloudplatformprojects.readonly","https://www.googleapis.com/auth/firebase","https://www.googleapis.com/auth/cloud-platform"]
[debug] [2023-06-11T15:25:49.276Z] > authorizing via signed-in user (abhijithajith2021@gmail.com)
[debug] [2023-06-11T15:25:49.276Z] [iam] checking project idabackend for permissions ["cloudfunctions.functions.create","cloudfunctions.functions.delete","cloudfunctions.functions.get","cloudfunctions.functions.list","cloudfunctions.functions.update","cloudfunctions.operations.get","firebase.projects.get"]
[debug] [2023-06-11T15:25:49.278Z] >>> [apiv2][query] POST https://cloudresourcemanager.googleapis.com/v1/projects/idabackend:testIamPermissions [none]
[debug] [2023-06-11T15:25:49.278Z] >>> [apiv2][(partial)header] POST https://cloudresourcemanager.googleapis.com/v1/projects/idabackend:testIamPermissions x-goog-quota-user=projects/idabackend
[debug] [2023-06-11T15:25:49.278Z] >>> [apiv2][body] POST https://cloudresourcemanager.googleapis.com/v1/projects/idabackend:testIamPermissions {"permissions":["cloudfunctions.functions.create","cloudfunctions.functions.delete","cloudfunctions.functions.get","cloudfunctions.functions.list","cloudfunctions.functions.update","cloudfunctions.operations.get","firebase.projects.get"]}
[debug] [2023-06-11T15:26:01.349Z] [iam] error while checking permissions, command may fail: FirebaseError: Failed to make request to https://cloudresourcemanager.googleapis.com/v1/projects/idabackend:testIamPermissions
[debug] [2023-06-11T15:26:01.350Z] >>> [apiv2][query] POST https://iam.googleapis.com/v1/projects/idabackend/serviceAccounts/idabackend@appspot.gserviceaccount.com:testIamPermissions [none]
[debug] [2023-06-11T15:26:01.350Z] >>> [apiv2][body] POST https://iam.googleapis.com/v1/projects/idabackend/serviceAccounts/idabackend@appspot.gserviceaccount.com:testIamPermissions {"permissions":["iam.serviceAccounts.actAs"]}
[debug] [2023-06-11T15:26:01.352Z] [functions] service account IAM check errored, deploy may fail: Failed to make request to https://iam.googleapis.com/v1/projects/idabackend/serviceAccounts/idabackend@appspot.gserviceaccount.com:testIamPermissions {"name":"FirebaseError","children":[],"exit":1,"message":"Failed to make request to https://iam.googleapis.com/v1/projects/idabackend/serviceAccounts/idabackend@appspot.gserviceaccount.com:testIamPermissions","original":{"message":"request to https://iam.googleapis.com/v1/projects/idabackend/serviceAccounts/idabackend@appspot.gserviceaccount.com:testIamPermissions failed, reason: getaddrinfo ENOTFOUND iam.googleapis.com","type":"system","errno":"ENOTFOUND","code":"ENOTFOUND"},"status":500}
[info] 
[info] === Deploying to 'idabackend'...
[info] 
[info] i  deploying functions 
[info] Running command: npm --prefix "$RESOURCE_DIR" run lint
[info] +  functions: Finished running predeploy script. 
[debug] [2023-06-11T15:26:08.201Z] >>> [apiv2][query] GET https://firebase.googleapis.com/v1beta1/projects/idabackend [none]
[debug] [2023-06-11T15:26:08.203Z] Failed to make request to https://firebase.googleapis.com/v1beta1/projects/idabackend
[debug] [2023-06-11T15:26:08.208Z] FirebaseError: Failed to make request to https://firebase.googleapis.com/v1beta1/projects/idabackend
    at RetryOperation._fn (C:\Users\Abhijith\AppData\Roaming\npm\node_modules\firebase-tools\lib\apiv2.js:242:31)
    at process.processTicksAndRejections (node:internal/process/task_queues:95:5)
[error] 
[error] Error: Failed to get Firebase project idabackend. Please make sure the project exists and your account has permission to access it.
